c:\graduate\2018 summer\research\read_file\parsehead\debug\parsehead.pch
c:\graduate\2018 summer\research\read_file\parsehead\debug\vc141.pdb
c:\graduate\2018 summer\research\read_file\parsehead\debug\vc141.idb
c:\graduate\2018 summer\research\read_file\parsehead\debug\stdafx.obj
c:\graduate\2018 summer\research\read_file\parsehead\debug\glad.obj
c:\graduate\2018 summer\research\read_file\parsehead\debug\parsehead_auto.obj
c:\graduate\2018 summer\research\read_file\parsehead\debug\imgui_impl_sdl_gl3.obj
c:\graduate\2018 summer\research\read_file\parsehead\debug\imgui_draw.obj
c:\graduate\2018 summer\research\read_file\parsehead\debug\imgui_demo.obj
c:\graduate\2018 summer\research\read_file\parsehead\debug\imgui.obj
c:\graduate\2018 fall\8777\parsehead\parsehead\debug\vc141.pdb
c:\graduate\2018 fall\8777\parsehead\parsehead\debug\vc141.idb
c:\graduate\2018 fall\8777\parsehead\parsehead\debug\glad.obj
c:\graduate\2018 fall\8777\parsehead\parsehead\debug\parsehead_auto.obj
c:\graduate\2018 fall\8777\parsehead\parsehead\debug\imgui_impl_sdl_gl3.obj
c:\graduate\2018 fall\8777\parsehead\parsehead\debug\imgui_draw.obj
c:\graduate\2018 fall\8777\parsehead\parsehead\debug\imgui_demo.obj
c:\graduate\2018 fall\8777\parsehead\parsehead\debug\imgui.obj
c:\graduate\2018 fall\8777\parsehead\parsehead\debug\parsehead.pch
c:\graduate\2018 fall\8777\parsehead\parsehead\debug\stdafx.obj
c:\graduate\2018 fall\8777\parsehead\parsehead\debug\main.obj
c:\graduate\2018 summer\research\read_file\debug\parsehead.ilk
c:\graduate\2018 summer\research\read_file\debug\parsehead.exe
c:\graduate\2018 summer\research\read_file\debug\parsehead.pdb
c:\graduate\2018 fall\8777\parsehead\debug\parsehead.exe
c:\graduate\2018 fall\8777\parsehead\debug\parsehead.ilk
c:\graduate\2018 fall\8777\parsehead\debug\parsehead.pdb
c:\graduate\2018 fall\8777\parsehead\parsehead\debug\parsehead.tlog\cl.command.1.tlog
c:\graduate\2018 fall\8777\parsehead\parsehead\debug\parsehead.tlog\cl.read.1.tlog
c:\graduate\2018 fall\8777\parsehead\parsehead\debug\parsehead.tlog\cl.write.1.tlog
c:\graduate\2018 fall\8777\parsehead\parsehead\debug\parsehead.tlog\link.command.1.tlog
c:\graduate\2018 fall\8777\parsehead\parsehead\debug\parsehead.tlog\link.read.1.tlog
c:\graduate\2018 fall\8777\parsehead\parsehead\debug\parsehead.tlog\link.write.1.tlog
